current directory: /home/roy/Documents/Rails-Project/odin_project/web_app/path/gems/ffi-1.11.3/ext/ffi_c
/home/roy/.rbenv/versions/2.3.0/bin/ruby -r ./siteconf20191213-17920-1g5092o.rb extconf.rb
checking for ffi_call() in -lffi... yes
checking for ffi_closure_alloc()... yes
checking for shlwapi.h... no
checking for rb_thread_call_without_gvl()... yes
checking for ruby_native_thread_p()... yes
checking for ruby_thread_has_gvl_p()... yes
checking for ffi_prep_cif_var()... yes
checking for ffi_raw_call()... yes
checking for ffi_prep_raw_closure()... yes
creating extconf.h
creating Makefile

To see why this extension failed to compile, please check the mkmf.log which can be found here:

  /home/roy/Documents/Rails-Project/odin_project/web_app/path/extensions/x86-linux/2.3.0-static/ffi-1.11.3/mkmf.log

current directory: /home/roy/Documents/Rails-Project/odin_project/web_app/path/gems/ffi-1.11.3/ext/ffi_c
make "DESTDIR=" clean

current directory: /home/roy/Documents/Rails-Project/odin_project/web_app/path/gems/ffi-1.11.3/ext/ffi_c
make "DESTDIR="
compiling MethodHandle.c
compiling DynamicLibrary.c
compiling Function.c
compiling AbstractMemory.c
compiling ArrayType.c
compiling ClosurePool.c
compiling Platform.c
compiling Types.c
compiling ffi.c
compiling Call.c
compiling MemoryPointer.c
compiling LastError.c
compiling Struct.c
compiling Pointer.c
compiling Type.c
compiling Buffer.c
compiling StructByValue.c
compiling LongDouble.c
compiling FunctionInfo.c
compiling Thread.c
compiling MappedType.c
compiling StructLayout.c
compiling Variadic.c
linking shared-object ffi_c.so

current directory: /home/roy/Documents/Rails-Project/odin_project/web_app/path/gems/ffi-1.11.3/ext/ffi_c
make "DESTDIR=" install
/usr/bin/install -c -m 0755 ffi_c.so ./.gem.20191213-17920-v5fszt
